<?xml version="1.0" encoding="UTF-8"?>
<!-- Generated by org.testng.reporters.JUnitReportReporter -->
<testsuite hostname="LAPTOP-Q9NI5B1S" failures="3" tests="28" name="runners.CucumberRunner" time="544.008" errors="1" timestamp="2023-08-19T10:53:59 EDT" skipped="0">
  <testcase classname="runners.CucumberRunner" name="runScenario" time="28.147"/>
  <system-out/>
  <testcase classname="runners.CucumberRunner" name="runScenario" time="21.905"/>
  <system-out/>
  <testcase classname="runners.CucumberRunner" name="runScenario" time="25.704"/>
  <system-out/>
  <testcase classname="runners.CucumberRunner" name="runScenario" time="12.102"/>
  <system-out/>
  <testcase classname="runners.CucumberRunner" name="runScenario" time="32.739"/>
  <system-out/>
  <testcase classname="runners.CucumberRunner" name="runScenario" time="9.992"/>
  <system-out/>
  <testcase classname="runners.CucumberRunner" name="runScenario" time="14.093"/>
  <system-out/>
  <testcase classname="runners.CucumberRunner" name="runScenario" time="38.195"/>
  <system-out/>
  <testcase classname="runners.CucumberRunner" name="runScenario" time="18.487">
    <failure message="expected [Thank you for signing up. Your first email should arrive shortly.] but found [Thank you for signing up.
Your first email should arrive shortly.]" type="java.lang.AssertionError">
      <![CDATA[java.lang.AssertionError: expected [Thank you for signing up. Your first email should arrive shortly.] but found [Thank you for signing up.
Your first email should arrive shortly.]
at org.testng.Assert.fail(Assert.java:110)
at org.testng.Assert.failNotEquals(Assert.java:1577)
at org.testng.Assert.assertEqualsImpl(Assert.java:149)
at org.testng.Assert.assertEquals(Assert.java:131)
at org.testng.Assert.assertEquals(Assert.java:655)
at org.testng.Assert.assertEquals(Assert.java:665)
at stepdefinition.HomeDepotSignupEmailPromotionDefinitions.see_the_thank_you_for_signing_up_message(HomeDepotSignupEmailPromotionDefinitions.java:26)
at ✽.see the Thank you for signing up message.(file:///C:/Users/davet/eclipse-workspace/HomeDepotProject2023/src/test/resources/features/HomeDepotSignupEmailPromotion.feature:6)
]]>
    </failure>
  </testcase> <!-- runScenario -->
  <system-out/>
  <testcase classname="runners.CucumberRunner" name="runScenario" time="14.515"/>
  <system-out/>
  <testcase classname="runners.CucumberRunner" name="runScenario" time="6.222">
    <failure message="expected [true] but found [false]" type="java.lang.AssertionError">
      <![CDATA[java.lang.AssertionError: expected [true] but found [false]
at org.testng.Assert.fail(Assert.java:110)
at org.testng.Assert.failNotEquals(Assert.java:1577)
at org.testng.Assert.assertEqualsImpl(Assert.java:149)
at org.testng.Assert.assertEquals(Assert.java:131)
at org.testng.Assert.assertEquals(Assert.java:1066)
at org.testng.Assert.assertEquals(Assert.java:1030)
at org.testng.Assert.assertEquals(Assert.java:1076)
at stepdefinition.TrendingVideosDefinition.video_starts_playing(TrendingVideosDefinition.java:28)
at ✽.video starts playing(file:///C:/Users/davet/eclipse-workspace/HomeDepotProject2023/src/test/resources/features/TrendingVideos.feature:7)
]]>
    </failure>
  </testcase> <!-- runScenario -->
  <system-out/>
  <testcase classname="runners.CucumberRunner" name="runScenario" time="27.844"/>
  <system-out/>
  <testcase classname="runners.CucumberRunner" name="runScenario" time="15.141"/>
  <system-out/>
  <testcase classname="runners.CucumberRunner" name="runScenario" time="15.657"/>
  <system-out/>
  <testcase classname="runners.CucumberRunner" name="runScenario" time="15.848"/>
  <system-out/>
  <testcase classname="runners.CucumberRunner" name="runScenario" time="10.370"/>
  <system-out/>
  <testcase classname="runners.CucumberRunner" name="runScenario" time="28.652">
    <failure message="expected [Personal Account] but found [Create an Account]" type="java.lang.AssertionError">
      <![CDATA[java.lang.AssertionError: expected [Personal Account] but found [Create an Account]
at org.testng.Assert.fail(Assert.java:110)
at org.testng.Assert.failNotEquals(Assert.java:1577)
at org.testng.Assert.assertEqualsImpl(Assert.java:149)
at org.testng.Assert.assertEquals(Assert.java:131)
at org.testng.Assert.assertEquals(Assert.java:655)
at org.testng.Assert.assertEquals(Assert.java:665)
at stepdefinition.HomeDepotPersonalAccountDefinitions.navigate_to_the_create_a_personal_account_page(HomeDepotPersonalAccountDefinitions.java:23)
at ✽.navigate to the Create a Personal Account page.(file:///C:/Users/davet/eclipse-workspace/HomeDepotProject2023/src/test/resources/features/HomeDepotPersonalAccount.feature:8)
]]>
    </failure>
  </testcase> <!-- runScenario -->
  <system-out/>
  <testcase classname="runners.CucumberRunner" name="runScenario" time="7.688"/>
  <system-out/>
  <testcase classname="runners.CucumberRunner" name="runScenario" time="19.216"/>
  <system-out/>
  <testcase classname="runners.CucumberRunner" name="runScenario" time="17.028"/>
  <system-out/>
  <testcase classname="runners.CucumberRunner" name="runScenario" time="21.697">
    <error message="element click intercepted: Element &lt;img class=&quot;sponsored_banner_image--aewtr&quot; alt=&quot;sponsored banner&quot; src=&quot;https://contentgrid.homedepot-static.com/hdus/en_US/DTCCOMNEW/fetch/SuperSavings-RM-Banner-4565988-dsk.jpg&quot;&gt; is not clickable at point (5, 345). Other element would receive the click: &lt;div class=&quot;col__12-12&quot;&gt;...&lt;/div&gt;
  (Session info: chrome=116.0.5845.96)
Build info: version: &#039;4.9.1&#039;, revision: &#039;eb2032df7f&#039;
System info: os.name: &#039;Windows 10&#039;, os.arch: &#039;amd64&#039;, os.version: &#039;10.0&#039;, java.version: &#039;17.0.4.1&#039;
Driver info: org.openqa.selenium.chrome.ChromeDriver
Command: [8a89f5d63879a7f61e25f7a328dcbaa6, clickElement {id=F1CAD96A5B8D38A7629D1D7391720BA2_element_683}]
Capabilities {acceptInsecureCerts: false, browserName: chrome, browserVersion: 116.0.5845.96, chrome: {chromedriverVersion: 116.0.5845.96 (1a3918166880..., userDataDir: C:\Users\davet\AppData\Loca...}, fedcm:accounts: true, goog:chromeOptions: {debuggerAddress: localhost:62484}, networkConnectionEnabled: false, pageLoadStrategy: normal, platformName: windows, proxy: Proxy(), se:cdp: ws://localhost:62484/devtoo..., se:cdpVersion: 116.0.5845.96, setWindowRect: true, strictFileInteractability: false, timeouts: {implicit: 0, pageLoad: 300000, script: 30000}, unhandledPromptBehavior: dismiss and notify, webauthn:extension:credBlob: true, webauthn:extension:largeBlob: true, webauthn:extension:minPinLength: true, webauthn:extension:prf: true, webauthn:virtualAuthenticators: true}
Element: [[ChromeDriver: chrome on windows (8a89f5d63879a7f61e25f7a328dcbaa6)] -&gt; css selector: img[alt=&#039;sponsored banner&#039;]]
Session ID: 8a89f5d63879a7f61e25f7a328dcbaa6" type="org.openqa.selenium.ElementClickInterceptedException">
      <![CDATA[org.openqa.selenium.ElementClickInterceptedException: element click intercepted: Element <img class="sponsored_banner_image--aewtr" alt="sponsored banner" src="https://contentgrid.homedepot-static.com/hdus/en_US/DTCCOMNEW/fetch/SuperSavings-RM-Banner-4565988-dsk.jpg"> is not clickable at point (5, 345). Other element would receive the click: <div class="col__12-12">...</div>
  (Session info: chrome=116.0.5845.96)
Build info: version: '4.9.1', revision: 'eb2032df7f'
System info: os.name: 'Windows 10', os.arch: 'amd64', os.version: '10.0', java.version: '17.0.4.1'
Driver info: org.openqa.selenium.chrome.ChromeDriver
Command: [8a89f5d63879a7f61e25f7a328dcbaa6, clickElement {id=F1CAD96A5B8D38A7629D1D7391720BA2_element_683}]
Capabilities {acceptInsecureCerts: false, browserName: chrome, browserVersion: 116.0.5845.96, chrome: {chromedriverVersion: 116.0.5845.96 (1a3918166880..., userDataDir: C:\Users\davet\AppData\Loca...}, fedcm:accounts: true, goog:chromeOptions: {debuggerAddress: localhost:62484}, networkConnectionEnabled: false, pageLoadStrategy: normal, platformName: windows, proxy: Proxy(), se:cdp: ws://localhost:62484/devtoo..., se:cdpVersion: 116.0.5845.96, setWindowRect: true, strictFileInteractability: false, timeouts: {implicit: 0, pageLoad: 300000, script: 30000}, unhandledPromptBehavior: dismiss and notify, webauthn:extension:credBlob: true, webauthn:extension:largeBlob: true, webauthn:extension:minPinLength: true, webauthn:extension:prf: true, webauthn:virtualAuthenticators: true}
Element: [[ChromeDriver: chrome on windows (8a89f5d63879a7f61e25f7a328dcbaa6)] -> css selector: img[alt='sponsored banner']]
Session ID: 8a89f5d63879a7f61e25f7a328dcbaa6
at java.base/jdk.internal.reflect.NativeConstructorAccessorImpl.newInstance0(Native Method)
at java.base/jdk.internal.reflect.NativeConstructorAccessorImpl.newInstance(NativeConstructorAccessorImpl.java:77)
at java.base/jdk.internal.reflect.DelegatingConstructorAccessorImpl.newInstance(DelegatingConstructorAccessorImpl.java:45)
at java.base/java.lang.reflect.Constructor.newInstanceWithCaller(Constructor.java:499)
at java.base/java.lang.reflect.Constructor.newInstance(Constructor.java:480)
at org.openqa.selenium.remote.codec.w3c.W3CHttpResponseCodec.createException(W3CHttpResponseCodec.java:200)
at org.openqa.selenium.remote.codec.w3c.W3CHttpResponseCodec.decode(W3CHttpResponseCodec.java:133)
at org.openqa.selenium.remote.codec.w3c.W3CHttpResponseCodec.decode(W3CHttpResponseCodec.java:53)
at org.openqa.selenium.remote.HttpCommandExecutor.execute(HttpCommandExecutor.java:193)
at org.openqa.selenium.remote.service.DriverCommandExecutor.invokeExecute(DriverCommandExecutor.java:183)
at org.openqa.selenium.remote.service.DriverCommandExecutor.execute(DriverCommandExecutor.java:158)
at org.openqa.selenium.remote.RemoteWebDriver.execute(RemoteWebDriver.java:543)
at org.openqa.selenium.remote.RemoteWebElement.execute(RemoteWebElement.java:257)
at org.openqa.selenium.remote.RemoteWebElement.click(RemoteWebElement.java:78)
at jdk.internal.reflect.GeneratedMethodAccessor87.invoke(Unknown Source)
at java.base/jdk.internal.reflect.DelegatingMethodAccessorImpl.invoke(DelegatingMethodAccessorImpl.java:43)
at java.base/java.lang.reflect.Method.invoke(Method.java:568)
at org.openqa.selenium.support.pagefactory.internal.LocatingElementHandler.invoke(LocatingElementHandler.java:52)
at jdk.proxy2/jdk.proxy2.$Proxy29.click(Unknown Source)
at stepdefinition.HomeDepotSuperSavingsBannerDefinitions.click_the_super_savings_banner(HomeDepotSuperSavingsBannerDefinitions.java:33)
at ✽.Click the Super Savings Banner(file:///C:/Users/davet/eclipse-workspace/HomeDepotProject2023/src/test/resources/features/HomeDepotSuperSavingsBanner.feature:6)
]]>
    </error>
  </testcase> <!-- runScenario -->
  <system-out/>
  <testcase classname="runners.CucumberRunner" name="runScenario" time="20.816"/>
  <system-out/>
  <testcase classname="runners.CucumberRunner" name="runScenario" time="25.070"/>
  <system-out/>
  <testcase classname="runners.CucumberRunner" name="runScenario" time="12.945"/>
  <system-out/>
  <testcase classname="runners.CucumberRunner" name="runScenario" time="24.656"/>
  <system-out/>
  <testcase classname="runners.CucumberRunner" name="runScenario" time="29.549"/>
  <system-out/>
  <testcase classname="runners.CucumberRunner" name="runScenario" time="16.977"/>
  <system-out/>
  <testcase classname="runners.CucumberRunner" name="runScenario" time="12.753"/>
  <system-out/>
</testsuite> <!-- runners.CucumberRunner -->
